<?xml version="1.0" encoding="UTF-8"?>
<testng-results ignored="0" total="7" passed="7" failed="0" skipped="0">
  <reporter-output>
  </reporter-output>
  <suite started-at="2024-09-09T16:13:14 IST" name="Suite" finished-at="2024-09-09T16:14:17 IST" duration-ms="63022">
    <groups>
    </groups>
    <test started-at="2024-09-09T16:13:14 IST" name="Test" finished-at="2024-09-09T16:14:17 IST" duration-ms="63022">
      <class name="prjt.oneC">
        <test-method is-config="true" signature="setUp()[pri:0, instance:prjt.oneC@ffaa6af]" started-at="2024-09-09T16:13:14 IST" name="setUp" finished-at="2024-09-09T16:13:37 IST" duration-ms="22597" status="PASS">
          <reporter-output>
          </reporter-output>
        </test-method> <!-- setUp -->
        <test-method signature="Associate360_navigation()[pri:1, instance:prjt.oneC@ffaa6af]" started-at="2024-09-09T16:13:37 IST" name="Associate360_navigation" finished-at="2024-09-09T16:13:38 IST" duration-ms="1322" status="PASS">
          <reporter-output>
          </reporter-output>
        </test-method> <!-- Associate360_navigation -->
        <test-method signature="DetailsExtraction()[pri:2, instance:prjt.oneC@ffaa6af]" started-at="2024-09-09T16:13:38 IST" name="DetailsExtraction" finished-at="2024-09-09T16:13:49 IST" duration-ms="10995" status="PASS">
          <reporter-output>
          </reporter-output>
        </test-method> <!-- DetailsExtraction -->
        <test-method signature="personal_subheaders()[pri:3, instance:prjt.oneC@ffaa6af]" started-at="2024-09-09T16:13:49 IST" name="personal_subheaders" finished-at="2024-09-09T16:13:50 IST" duration-ms="672" status="PASS">
          <reporter-output>
          </reporter-output>
        </test-method> <!-- personal_subheaders -->
        <test-method signature="Education_subheaders()[pri:4, instance:prjt.oneC@ffaa6af]" started-at="2024-09-09T16:13:50 IST" name="Education_subheaders" finished-at="2024-09-09T16:13:51 IST" duration-ms="549" status="PASS">
          <reporter-output>
          </reporter-output>
        </test-method> <!-- Education_subheaders -->
        <test-method signature="Experience_subheaders()[pri:5, instance:prjt.oneC@ffaa6af]" started-at="2024-09-09T16:13:51 IST" name="Experience_subheaders" finished-at="2024-09-09T16:14:01 IST" duration-ms="10277" status="PASS">
          <reporter-output>
          </reporter-output>
        </test-method> <!-- Experience_subheaders -->
        <test-method signature="travel_subheaders()[pri:6, instance:prjt.oneC@ffaa6af]" started-at="2024-09-09T16:14:01 IST" name="travel_subheaders" finished-at="2024-09-09T16:14:01 IST" duration-ms="270" status="PASS">
          <reporter-output>
          </reporter-output>
        </test-method> <!-- travel_subheaders -->
        <test-method signature="details_validation()[pri:7, instance:prjt.oneC@ffaa6af]" started-at="2024-09-09T16:14:01 IST" name="details_validation" finished-at="2024-09-09T16:14:12 IST" duration-ms="11005" status="PASS">
          <reporter-output>
          </reporter-output>
        </test-method> <!-- details_validation -->
        <test-method is-config="true" signature="closedriver()[pri:0, instance:prjt.oneC@ffaa6af]" started-at="2024-09-09T16:14:12 IST" name="closedriver" finished-at="2024-09-09T16:14:17 IST" duration-ms="4569" status="PASS">
          <reporter-output>
          </reporter-output>
        </test-method> <!-- closedriver -->
      </class> <!-- prjt.oneC -->
    </test> <!-- Test -->
  </suite> <!-- Suite -->
</testng-results>
