<?xml version="1.0" encoding="UTF-8"?>
<!-- Generated by org.testng.reporters.JUnitXMLReporter -->
<testsuite ignored="0" hostname="LTIN462803" failures="0" tests="7" name="Test" time="63.022" errors="0" timestamp="2024-09-09T16:14:17 IST">
  <testcase classname="prjt.oneC" name="Associate360_navigation" time="1.322"/>
  <testcase classname="prjt.oneC" name="DetailsExtraction" time="10.995"/>
  <testcase classname="prjt.oneC" name="personal_subheaders" time="0.672"/>
  <testcase classname="prjt.oneC" name="Education_subheaders" time="0.549"/>
  <testcase classname="prjt.oneC" name="Experience_subheaders" time="10.277"/>
  <testcase classname="prjt.oneC" name="travel_subheaders" time="0.27"/>
  <testcase classname="prjt.oneC" name="details_validation" time="11.005"/>
</testsuite> <!-- Test -->
